<?xml version="1.0" encoding="UTF-8"?>
<!-- Generated by org.testng.reporters.JUnitReportReporter -->
<testsuite hostname="LAPTOP-FL730MCA" failures="0" tests="2" name="com.testCase.AdminTestCase" time="4.919" errors="0" timestamp="2020-08-26T12:33:14 PDT" skipped="0">
  <testcase classname="com.testCase.AdminTestCase" name="login" time="2.700"/>
  <system-out/>
  <testcase classname="com.testCase.AdminTestCase" name="adminClick" time="2.219"/>
  <system-out/>
</testsuite> <!-- com.testCase.AdminTestCase -->
